[2023-05-21 14:26:56 484 +05:30  INF  Now listening on: http://localhost:5068 Exception -  ]
[2023-05-21 14:26:56 561 +05:30  INF  Starting Hangfire Server using job storage: 'In-Memory Storage' Exception -  ]
[2023-05-21 14:26:56 564 +05:30  INF  Using the following options for Hangfire Server:
    Worker count: 20
    Listening queues: 'default'
    Shutdown timeout: 00:00:15
    Schedule polling interval: 00:00:15 Exception -  ]
[2023-05-21 14:26:56 616 +05:30  INF  Server ilpt2699:17116:bc20393c successfully announced in 3.3711 ms Exception -  ]
[2023-05-21 14:26:56 617 +05:30  INF  Application started. Press Ctrl+C to shut down. Exception -  ]
[2023-05-21 14:26:56 626 +05:30  INF  Server ilpt2699:17116:bc20393c is starting the registered dispatchers: ServerWatchdog, ServerJobCancellationWatcher, Worker, DelayedJobScheduler, RecurringJobScheduler... Exception -  ]
[2023-05-21 14:26:56 626 +05:30  INF  Hosting environment: Development Exception -  ]
[2023-05-21 14:26:56 628 +05:30  INF  Content root path: C:\TFS\OTHER APPLICATIONS\SQS_Service\SQS_ServiceJob\ Exception -  ]
[2023-05-21 14:26:56 716 +05:30  INF  Server ilpt2699:17116:bc20393c all the dispatchers started Exception -  ]
[2023-05-21 14:26:58 333 +05:30  INF  Request starting HTTP/1.1 GET http://localhost:5068/default - - Exception -  ]
[2023-05-21 14:26:58 558 +05:30  INF  Executing endpoint 'SQS_ServiceJob.Controllers.DefaultController.Get (SQS_ServiceJob)' Exception -  ]
[2023-05-21 14:26:58 645 +05:30  INF  Route matched with {action = "Get", controller = "Default"}. Executing controller action with signature System.Threading.Tasks.Task`1[System.String] Get() on controller SQS_ServiceJob.Controllers.DefaultController (SQS_ServiceJob). Exception -  ]
[2023-05-21 14:26:58 655 +05:30  INF  Service Started... Exception -  ]
[2023-05-21 14:26:58 675 +05:30  INF  Executing ObjectResult, writing value of type 'System.String'. Exception -  ]
[2023-05-21 14:26:58 733 +05:30  INF  Executed action SQS_ServiceJob.Controllers.DefaultController.Get (SQS_ServiceJob) in 74.6885ms Exception -  ]
[2023-05-21 14:26:58 738 +05:30  INF  Executed endpoint 'SQS_ServiceJob.Controllers.DefaultController.Get (SQS_ServiceJob)' Exception -  ]
[2023-05-21 14:26:58 749 +05:30  INF  Request finished HTTP/1.1 GET http://localhost:5068/default - - - 200 - text/plain;+charset=utf-8 420.0540ms Exception -  ]
[2023-05-21 14:28:08 105 +05:30  INF  Request starting HTTP/1.1 GET http://localhost:5068/default - - Exception -  ]
[2023-05-21 14:28:08 107 +05:30  INF  Executing endpoint 'SQS_ServiceJob.Controllers.DefaultController.Get (SQS_ServiceJob)' Exception -  ]
[2023-05-21 14:28:08 108 +05:30  INF  Route matched with {action = "Get", controller = "Default"}. Executing controller action with signature System.Threading.Tasks.Task`1[System.String] Get() on controller SQS_ServiceJob.Controllers.DefaultController (SQS_ServiceJob). Exception -  ]
[2023-05-21 14:28:08 110 +05:30  INF  Service Started... Exception -  ]
[2023-05-21 14:28:08 110 +05:30  INF  Executing ObjectResult, writing value of type 'System.String'. Exception -  ]
[2023-05-21 14:28:08 110 +05:30  INF  Executed action SQS_ServiceJob.Controllers.DefaultController.Get (SQS_ServiceJob) in 2.5479ms Exception -  ]
[2023-05-21 14:28:08 110 +05:30  INF  Executed endpoint 'SQS_ServiceJob.Controllers.DefaultController.Get (SQS_ServiceJob)' Exception -  ]
[2023-05-21 14:28:08 110 +05:30  INF  Request finished HTTP/1.1 GET http://localhost:5068/default - - - 200 - text/plain;+charset=utf-8 5.3379ms Exception -  ]
