[2023-05-23 10:27:22 527 +05:30  INF  Now listening on: http://localhost:5068 Exception -  ]
[2023-05-23 10:27:22 674 +05:30  INF  Starting Hangfire Server using job storage: 'In-Memory Storage' Exception -  ]
[2023-05-23 10:27:22 677 +05:30  INF  Using the following options for Hangfire Server:
    Worker count: 20
    Listening queues: 'default'
    Shutdown timeout: 00:00:15
    Schedule polling interval: 00:00:15 Exception -  ]
[2023-05-23 10:27:22 751 +05:30  INF  Server ilpt2699:18960:ed49a626 successfully announced in 4.3578 ms Exception -  ]
[2023-05-23 10:27:22 765 +05:30  INF  Server ilpt2699:18960:ed49a626 is starting the registered dispatchers: ServerWatchdog, ServerJobCancellationWatcher, Worker, DelayedJobScheduler, RecurringJobScheduler... Exception -  ]
[2023-05-23 10:27:22 795 +05:30  INF  Application started. Press Ctrl+C to shut down. Exception -  ]
[2023-05-23 10:27:22 841 +05:30  INF  Hosting environment: Development Exception -  ]
[2023-05-23 10:27:22 856 +05:30  INF  Content root path: C:\TFS\OTHER APPLICATIONS\SQS_Service\SQS_ServiceJob\ Exception -  ]
[2023-05-23 10:27:22 890 +05:30  INF  Server ilpt2699:18960:ed49a626 all the dispatchers started Exception -  ]
[2023-05-23 10:27:26 027 +05:30  INF  Request starting HTTP/1.1 GET http://localhost:5068/default - - Exception -  ]
[2023-05-23 10:27:26 375 +05:30  INF  Executing endpoint 'SQS_ServiceJob.Controllers.DefaultController.Get (SQS_ServiceJob)' Exception -  ]
[2023-05-23 10:27:26 656 +05:30  INF  Route matched with {action = "Get", controller = "Default"}. Executing controller action with signature System.Threading.Tasks.Task`1[System.String] Get() on controller SQS_ServiceJob.Controllers.DefaultController (SQS_ServiceJob). Exception -  ]
[2023-05-23 10:27:26 667 +05:30  INF  Service Started... Exception -  ]
[2023-05-23 10:27:26 692 +05:30  INF  Executing ObjectResult, writing value of type 'System.String'. Exception -  ]
[2023-05-23 10:27:26 790 +05:30  INF  Executed action SQS_ServiceJob.Controllers.DefaultController.Get (SQS_ServiceJob) in 116.1251ms Exception -  ]
[2023-05-23 10:27:26 796 +05:30  INF  Executed endpoint 'SQS_ServiceJob.Controllers.DefaultController.Get (SQS_ServiceJob)' Exception -  ]
[2023-05-23 10:27:26 810 +05:30  INF  Request finished HTTP/1.1 GET http://localhost:5068/default - - - 200 - text/plain;+charset=utf-8 790.2829ms Exception -  ]
[2023-05-23 10:38:45 955 +05:30  INF  Now listening on: http://localhost:5068 Exception -  ]
[2023-05-23 10:38:46 264 +05:30  INF  Starting Hangfire Server using job storage: 'In-Memory Storage' Exception -  ]
[2023-05-23 10:38:46 270 +05:30  INF  Using the following options for Hangfire Server:
    Worker count: 20
    Listening queues: 'default'
    Shutdown timeout: 00:00:15
    Schedule polling interval: 00:00:15 Exception -  ]
[2023-05-23 10:38:46 620 +05:30  INF  Server ilpt2699:24324:f60ba9be successfully announced in 34.1554 ms Exception -  ]
[2023-05-23 10:38:46 660 +05:30  INF  Server ilpt2699:24324:f60ba9be is starting the registered dispatchers: ServerWatchdog, ServerJobCancellationWatcher, Worker, DelayedJobScheduler, RecurringJobScheduler... Exception -  ]
[2023-05-23 10:38:46 663 +05:30  INF  Application started. Press Ctrl+C to shut down. Exception -  ]
[2023-05-23 10:38:46 694 +05:30  INF  Hosting environment: Development Exception -  ]
[2023-05-23 10:38:46 755 +05:30  INF  Content root path: C:\TFS\OTHER APPLICATIONS\SQS_Service\SQS_ServiceJob\ Exception -  ]
[2023-05-23 10:38:47 422 +05:30  INF  Server ilpt2699:24324:f60ba9be all the dispatchers started Exception -  ]
[2023-05-23 10:38:49 993 +05:30  INF  Request starting HTTP/1.1 GET http://localhost:5068/default - - Exception -  ]
[2023-05-23 10:38:50 561 +05:30  INF  Executing endpoint 'SQS_ServiceJob.Controllers.DefaultController.Get (SQS_ServiceJob)' Exception -  ]
[2023-05-23 10:38:51 127 +05:30  INF  Route matched with {action = "Get", controller = "Default"}. Executing controller action with signature System.Threading.Tasks.Task`1[System.String] Get() on controller SQS_ServiceJob.Controllers.DefaultController (SQS_ServiceJob). Exception -  ]
[2023-05-23 10:38:51 143 +05:30  INF  Service Started... Exception -  ]
[2023-05-23 10:38:51 243 +05:30  INF  Executing ObjectResult, writing value of type 'System.String'. Exception -  ]
[2023-05-23 10:38:51 438 +05:30  INF  Executed action SQS_ServiceJob.Controllers.DefaultController.Get (SQS_ServiceJob) in 267.2853ms Exception -  ]
[2023-05-23 10:38:51 444 +05:30  INF  Executed endpoint 'SQS_ServiceJob.Controllers.DefaultController.Get (SQS_ServiceJob)' Exception -  ]
[2023-05-23 10:38:51 459 +05:30  INF  Request finished HTTP/1.1 GET http://localhost:5068/default - - - 200 - text/plain;+charset=utf-8 1470.3683ms Exception -  ]
[2023-05-23 10:46:51 629 +05:30  INF  Now listening on: http://localhost:5068 Exception -  ]
[2023-05-23 10:46:51 781 +05:30  INF  Starting Hangfire Server using job storage: 'In-Memory Storage' Exception -  ]
[2023-05-23 10:46:51 784 +05:30  INF  Using the following options for Hangfire Server:
    Worker count: 20
    Listening queues: 'default'
    Shutdown timeout: 00:00:15
    Schedule polling interval: 00:00:15 Exception -  ]
[2023-05-23 10:46:51 853 +05:30  INF  Server ilpt2699:8988:7bc9e0dc successfully announced in 4.5954 ms Exception -  ]
[2023-05-23 10:46:51 864 +05:30  INF  Server ilpt2699:8988:7bc9e0dc is starting the registered dispatchers: ServerWatchdog, ServerJobCancellationWatcher, Worker, DelayedJobScheduler, RecurringJobScheduler... Exception -  ]
[2023-05-23 10:46:51 894 +05:30  INF  Application started. Press Ctrl+C to shut down. Exception -  ]
[2023-05-23 10:46:51 924 +05:30  INF  Hosting environment: Development Exception -  ]
[2023-05-23 10:46:51 932 +05:30  INF  Content root path: C:\TFS\OTHER APPLICATIONS\SQS_Service\SQS_ServiceJob\ Exception -  ]
[2023-05-23 10:46:52 013 +05:30  INF  Server ilpt2699:8988:7bc9e0dc all the dispatchers started Exception -  ]
[2023-05-23 10:46:53 289 +05:30  INF  Request starting HTTP/1.1 GET http://localhost:5068/default - - Exception -  ]
[2023-05-23 10:46:53 556 +05:30  INF  Executing endpoint 'SQS_ServiceJob.Controllers.DefaultController.Get (SQS_ServiceJob)' Exception -  ]
[2023-05-23 10:46:53 674 +05:30  INF  Route matched with {action = "Get", controller = "Default"}. Executing controller action with signature System.Threading.Tasks.Task`1[System.String] Get() on controller SQS_ServiceJob.Controllers.DefaultController (SQS_ServiceJob). Exception -  ]
[2023-05-23 10:46:53 684 +05:30  INF  Service Started... Exception -  ]
[2023-05-23 10:46:53 707 +05:30  INF  Executing ObjectResult, writing value of type 'System.String'. Exception -  ]
[2023-05-23 10:46:53 794 +05:30  INF  Executed action SQS_ServiceJob.Controllers.DefaultController.Get (SQS_ServiceJob) in 102.579ms Exception -  ]
[2023-05-23 10:46:53 798 +05:30  INF  Executed endpoint 'SQS_ServiceJob.Controllers.DefaultController.Get (SQS_ServiceJob)' Exception -  ]
[2023-05-23 10:46:53 814 +05:30  INF  Request finished HTTP/1.1 GET http://localhost:5068/default - - - 200 - text/plain;+charset=utf-8 530.6651ms Exception -  ]
[2023-05-23 10:47:53 828 +05:30  INF  Now listening on: http://localhost:5068 Exception -  ]
[2023-05-23 10:47:53 925 +05:30  INF  Starting Hangfire Server using job storage: 'In-Memory Storage' Exception -  ]
[2023-05-23 10:47:53 933 +05:30  INF  Using the following options for Hangfire Server:
    Worker count: 20
    Listening queues: 'default'
    Shutdown timeout: 00:00:15
    Schedule polling interval: 00:00:15 Exception -  ]
[2023-05-23 10:47:54 025 +05:30  INF  Server ilpt2699:34732:ca748170 successfully announced in 7.5238 ms Exception -  ]
[2023-05-23 10:47:54 039 +05:30  INF  Server ilpt2699:34732:ca748170 is starting the registered dispatchers: ServerWatchdog, ServerJobCancellationWatcher, Worker, DelayedJobScheduler, RecurringJobScheduler... Exception -  ]
[2023-05-23 10:47:54 040 +05:30  INF  Application started. Press Ctrl+C to shut down. Exception -  ]
[2023-05-23 10:47:54 060 +05:30  INF  Hosting environment: Development Exception -  ]
[2023-05-23 10:47:54 063 +05:30  INF  Content root path: C:\TFS\OTHER APPLICATIONS\SQS_Service\SQS_ServiceJob\ Exception -  ]
[2023-05-23 10:47:54 167 +05:30  INF  Server ilpt2699:34732:ca748170 all the dispatchers started Exception -  ]
[2023-05-23 10:47:55 287 +05:30  INF  Request starting HTTP/1.1 GET http://localhost:5068/default - - Exception -  ]
[2023-05-23 10:47:55 540 +05:30  INF  Executing endpoint 'SQS_ServiceJob.Controllers.DefaultController.Get (SQS_ServiceJob)' Exception -  ]
[2023-05-23 10:47:55 656 +05:30  INF  Route matched with {action = "Get", controller = "Default"}. Executing controller action with signature System.Threading.Tasks.Task`1[System.String] Get() on controller SQS_ServiceJob.Controllers.DefaultController (SQS_ServiceJob). Exception -  ]
[2023-05-23 10:47:55 674 +05:30  INF  Service Started... Exception -  ]
[2023-05-23 10:47:55 704 +05:30  INF  Executing ObjectResult, writing value of type 'System.String'. Exception -  ]
[2023-05-23 10:47:55 805 +05:30  INF  Executed action SQS_ServiceJob.Controllers.DefaultController.Get (SQS_ServiceJob) in 128.242ms Exception -  ]
[2023-05-23 10:47:55 814 +05:30  INF  Executed endpoint 'SQS_ServiceJob.Controllers.DefaultController.Get (SQS_ServiceJob)' Exception -  ]
[2023-05-23 10:47:55 828 +05:30  INF  Request finished HTTP/1.1 GET http://localhost:5068/default - - - 200 - text/plain;+charset=utf-8 544.5828ms Exception -  ]
[2023-05-23 10:49:06 307 +05:30  INF  Now listening on: http://localhost:5068 Exception -  ]
[2023-05-23 10:49:06 409 +05:30  INF  Starting Hangfire Server using job storage: 'In-Memory Storage' Exception -  ]
[2023-05-23 10:49:06 411 +05:30  INF  Using the following options for Hangfire Server:
    Worker count: 20
    Listening queues: 'default'
    Shutdown timeout: 00:00:15
    Schedule polling interval: 00:00:15 Exception -  ]
[2023-05-23 10:49:06 464 +05:30  INF  Server ilpt2699:18376:557ef1df successfully announced in 5.318 ms Exception -  ]
[2023-05-23 10:49:06 474 +05:30  INF  Server ilpt2699:18376:557ef1df is starting the registered dispatchers: ServerWatchdog, ServerJobCancellationWatcher, Worker, DelayedJobScheduler, RecurringJobScheduler... Exception -  ]
[2023-05-23 10:49:06 481 +05:30  INF  Application started. Press Ctrl+C to shut down. Exception -  ]
[2023-05-23 10:49:06 511 +05:30  INF  Hosting environment: Development Exception -  ]
[2023-05-23 10:49:06 513 +05:30  INF  Content root path: C:\TFS\OTHER APPLICATIONS\SQS_Service\SQS_ServiceJob\ Exception -  ]
[2023-05-23 10:49:06 564 +05:30  INF  Server ilpt2699:18376:557ef1df all the dispatchers started Exception -  ]
[2023-05-23 10:49:08 063 +05:30  INF  Request starting HTTP/1.1 GET http://localhost:5068/default - - Exception -  ]
[2023-05-23 10:49:08 288 +05:30  INF  Executing endpoint 'SQS_ServiceJob.Controllers.DefaultController.Get (SQS_ServiceJob)' Exception -  ]
[2023-05-23 10:49:08 385 +05:30  INF  Route matched with {action = "Get", controller = "Default"}. Executing controller action with signature System.Threading.Tasks.Task`1[System.String] Get() on controller SQS_ServiceJob.Controllers.DefaultController (SQS_ServiceJob). Exception -  ]
[2023-05-23 10:49:08 395 +05:30  INF  Service Started... Exception -  ]
[2023-05-23 10:49:08 420 +05:30  INF  Executing ObjectResult, writing value of type 'System.String'. Exception -  ]
[2023-05-23 10:49:08 483 +05:30  INF  Executed action SQS_ServiceJob.Controllers.DefaultController.Get (SQS_ServiceJob) in 86.741ms Exception -  ]
[2023-05-23 10:49:08 487 +05:30  INF  Executed endpoint 'SQS_ServiceJob.Controllers.DefaultController.Get (SQS_ServiceJob)' Exception -  ]
[2023-05-23 10:49:08 497 +05:30  INF  Request finished HTTP/1.1 GET http://localhost:5068/default - - - 200 - text/plain;+charset=utf-8 438.1739ms Exception -  ]
[2023-05-23 11:16:48 832 +05:30  INF  Now listening on: http://localhost:5068 Exception -  ]
[2023-05-23 11:16:48 901 +05:30  INF  Starting Hangfire Server using job storage: 'In-Memory Storage' Exception -  ]
[2023-05-23 11:16:48 903 +05:30  INF  Using the following options for Hangfire Server:
    Worker count: 20
    Listening queues: 'default'
    Shutdown timeout: 00:00:15
    Schedule polling interval: 00:00:15 Exception -  ]
[2023-05-23 11:16:48 961 +05:30  INF  Server ilpt2699:7216:ae2c731c successfully announced in 2.7992 ms Exception -  ]
[2023-05-23 11:16:48 970 +05:30  INF  Server ilpt2699:7216:ae2c731c is starting the registered dispatchers: ServerWatchdog, ServerJobCancellationWatcher, Worker, DelayedJobScheduler, RecurringJobScheduler... Exception -  ]
[2023-05-23 11:16:49 005 +05:30  INF  Application started. Press Ctrl+C to shut down. Exception -  ]
[2023-05-23 11:16:49 041 +05:30  INF  Hosting environment: Development Exception -  ]
[2023-05-23 11:16:49 049 +05:30  INF  Server ilpt2699:7216:ae2c731c all the dispatchers started Exception -  ]
[2023-05-23 11:16:49 052 +05:30  INF  Content root path: C:\TFS\OTHER APPLICATIONS\SQS_Service\SQS_ServiceJob\ Exception -  ]
[2023-05-23 11:16:50 326 +05:30  INF  Request starting HTTP/1.1 GET http://localhost:5068/default - - Exception -  ]
[2023-05-23 11:16:50 609 +05:30  INF  Executing endpoint 'SQS_ServiceJob.Controllers.DefaultController.Get (SQS_ServiceJob)' Exception -  ]
[2023-05-23 11:16:50 720 +05:30  INF  Route matched with {action = "Get", controller = "Default"}. Executing controller action with signature System.Threading.Tasks.Task`1[System.String] Get() on controller SQS_ServiceJob.Controllers.DefaultController (SQS_ServiceJob). Exception -  ]
[2023-05-23 11:16:50 737 +05:30  INF  Service Started... Exception -  ]
[2023-05-23 11:16:50 760 +05:30  INF  Executing ObjectResult, writing value of type 'System.String'. Exception -  ]
[2023-05-23 11:16:50 836 +05:30  INF  Executed action SQS_ServiceJob.Controllers.DefaultController.Get (SQS_ServiceJob) in 99.571ms Exception -  ]
[2023-05-23 11:16:50 842 +05:30  INF  Executed endpoint 'SQS_ServiceJob.Controllers.DefaultController.Get (SQS_ServiceJob)' Exception -  ]
[2023-05-23 11:16:50 860 +05:30  INF  Request finished HTTP/1.1 GET http://localhost:5068/default - - - 200 - text/plain;+charset=utf-8 536.9343ms Exception -  ]
[2023-05-23 11:21:52 347 +05:30  INF  Now listening on: http://localhost:5068 Exception -  ]
[2023-05-23 11:21:52 412 +05:30  INF  Starting Hangfire Server using job storage: 'In-Memory Storage' Exception -  ]
[2023-05-23 11:21:52 415 +05:30  INF  Using the following options for Hangfire Server:
    Worker count: 20
    Listening queues: 'default'
    Shutdown timeout: 00:00:15
    Schedule polling interval: 00:00:15 Exception -  ]
[2023-05-23 11:21:52 462 +05:30  INF  Server ilpt2699:10816:3363d41e successfully announced in 3.7956 ms Exception -  ]
[2023-05-23 11:21:52 464 +05:30  INF  Application started. Press Ctrl+C to shut down. Exception -  ]
[2023-05-23 11:21:52 467 +05:30  INF  Hosting environment: Development Exception -  ]
[2023-05-23 11:21:52 468 +05:30  INF  Content root path: C:\TFS\OTHER APPLICATIONS\SQS_Service\SQS_ServiceJob\ Exception -  ]
[2023-05-23 11:21:52 474 +05:30  INF  Server ilpt2699:10816:3363d41e is starting the registered dispatchers: ServerWatchdog, ServerJobCancellationWatcher, Worker, DelayedJobScheduler, RecurringJobScheduler... Exception -  ]
[2023-05-23 11:21:52 563 +05:30  INF  Server ilpt2699:10816:3363d41e all the dispatchers started Exception -  ]
[2023-05-23 11:21:53 889 +05:30  INF  Request starting HTTP/1.1 GET http://localhost:5068/default - - Exception -  ]
[2023-05-23 11:21:54 134 +05:30  INF  Executing endpoint 'SQS_ServiceJob.Controllers.DefaultController.Get (SQS_ServiceJob)' Exception -  ]
[2023-05-23 11:21:54 220 +05:30  INF  Route matched with {action = "Get", controller = "Default"}. Executing controller action with signature System.Threading.Tasks.Task`1[System.String] Get() on controller SQS_ServiceJob.Controllers.DefaultController (SQS_ServiceJob). Exception -  ]
[2023-05-23 11:21:54 236 +05:30  INF  Service Started... Exception -  ]
[2023-05-23 11:21:54 273 +05:30  INF  Executing ObjectResult, writing value of type 'System.String'. Exception -  ]
[2023-05-23 11:21:54 357 +05:30  INF  Executed action SQS_ServiceJob.Controllers.DefaultController.Get (SQS_ServiceJob) in 114.3686ms Exception -  ]
[2023-05-23 11:21:54 366 +05:30  INF  Executed endpoint 'SQS_ServiceJob.Controllers.DefaultController.Get (SQS_ServiceJob)' Exception -  ]
[2023-05-23 11:21:54 385 +05:30  INF  Request finished HTTP/1.1 GET http://localhost:5068/default - - - 200 - text/plain;+charset=utf-8 504.8942ms Exception -  ]
[2023-05-23 11:24:49 063 +05:30  INF  Now listening on: http://localhost:5068 Exception -  ]
[2023-05-23 11:24:49 206 +05:30  INF  Starting Hangfire Server using job storage: 'In-Memory Storage' Exception -  ]
[2023-05-23 11:24:49 209 +05:30  INF  Using the following options for Hangfire Server:
    Worker count: 20
    Listening queues: 'default'
    Shutdown timeout: 00:00:15
    Schedule polling interval: 00:00:15 Exception -  ]
[2023-05-23 11:24:49 299 +05:30  INF  Server ilpt2699:7968:417bffb5 successfully announced in 8.3199 ms Exception -  ]
[2023-05-23 11:24:49 314 +05:30  INF  Server ilpt2699:7968:417bffb5 is starting the registered dispatchers: ServerWatchdog, ServerJobCancellationWatcher, Worker, DelayedJobScheduler, RecurringJobScheduler... Exception -  ]
[2023-05-23 11:24:49 314 +05:30  INF  Application started. Press Ctrl+C to shut down. Exception -  ]
[2023-05-23 11:24:49 332 +05:30  INF  Hosting environment: Development Exception -  ]
[2023-05-23 11:24:49 339 +05:30  INF  Content root path: C:\TFS\OTHER APPLICATIONS\SQS_Service\SQS_ServiceJob\ Exception -  ]
[2023-05-23 11:24:49 442 +05:30  INF  Server ilpt2699:7968:417bffb5 all the dispatchers started Exception -  ]
[2023-05-23 11:24:50 655 +05:30  INF  Request starting HTTP/1.1 GET http://localhost:5068/default - - Exception -  ]
[2023-05-23 11:24:50 983 +05:30  INF  Executing endpoint 'SQS_ServiceJob.Controllers.DefaultController.Get (SQS_ServiceJob)' Exception -  ]
[2023-05-23 11:24:51 119 +05:30  INF  Route matched with {action = "Get", controller = "Default"}. Executing controller action with signature System.Threading.Tasks.Task`1[System.String] Get() on controller SQS_ServiceJob.Controllers.DefaultController (SQS_ServiceJob). Exception -  ]
[2023-05-23 11:24:51 138 +05:30  INF  Service Started... Exception -  ]
[2023-05-23 11:24:51 166 +05:30  INF  Executing ObjectResult, writing value of type 'System.String'. Exception -  ]
[2023-05-23 11:24:51 235 +05:30  INF  Executed action SQS_ServiceJob.Controllers.DefaultController.Get (SQS_ServiceJob) in 103.1764ms Exception -  ]
[2023-05-23 11:24:51 241 +05:30  INF  Executed endpoint 'SQS_ServiceJob.Controllers.DefaultController.Get (SQS_ServiceJob)' Exception -  ]
[2023-05-23 11:24:51 258 +05:30  INF  Request finished HTTP/1.1 GET http://localhost:5068/default - - - 200 - text/plain;+charset=utf-8 611.3109ms Exception -  ]
[2023-05-23 11:40:25 198 +05:30  INF  Now listening on: http://localhost:5068 Exception -  ]
[2023-05-23 11:40:25 317 +05:30  INF  Starting Hangfire Server using job storage: 'In-Memory Storage' Exception -  ]
[2023-05-23 11:40:25 321 +05:30  INF  Using the following options for Hangfire Server:
    Worker count: 20
    Listening queues: 'default'
    Shutdown timeout: 00:00:15
    Schedule polling interval: 00:00:15 Exception -  ]
[2023-05-23 11:40:25 414 +05:30  INF  Server ilpt2699:37344:64b45249 successfully announced in 5.046 ms Exception -  ]
[2023-05-23 11:40:25 433 +05:30  INF  Server ilpt2699:37344:64b45249 is starting the registered dispatchers: ServerWatchdog, ServerJobCancellationWatcher, Worker, DelayedJobScheduler, RecurringJobScheduler... Exception -  ]
[2023-05-23 11:40:25 460 +05:30  INF  Application started. Press Ctrl+C to shut down. Exception -  ]
[2023-05-23 11:40:25 479 +05:30  INF  Hosting environment: Development Exception -  ]
[2023-05-23 11:40:25 503 +05:30  INF  Content root path: C:\TFS\OTHER APPLICATIONS\SQS_Service\SQS_ServiceJob\ Exception -  ]
[2023-05-23 11:40:25 585 +05:30  INF  Server ilpt2699:37344:64b45249 all the dispatchers started Exception -  ]
[2023-05-23 11:40:26 832 +05:30  INF  Request starting HTTP/1.1 GET http://localhost:5068/default - - Exception -  ]
[2023-05-23 11:40:27 089 +05:30  INF  Executing endpoint 'SQS_ServiceJob.Controllers.DefaultController.Get (SQS_ServiceJob)' Exception -  ]
[2023-05-23 11:40:27 215 +05:30  INF  Route matched with {action = "Get", controller = "Default"}. Executing controller action with signature System.Threading.Tasks.Task`1[System.String] Get() on controller SQS_ServiceJob.Controllers.DefaultController (SQS_ServiceJob). Exception -  ]
[2023-05-23 11:40:27 229 +05:30  INF  Service Started... Exception -  ]
[2023-05-23 11:40:27 258 +05:30  INF  Executing ObjectResult, writing value of type 'System.String'. Exception -  ]
[2023-05-23 11:40:27 359 +05:30  INF  Executed action SQS_ServiceJob.Controllers.DefaultController.Get (SQS_ServiceJob) in 125.7705ms Exception -  ]
[2023-05-23 11:40:27 364 +05:30  INF  Executed endpoint 'SQS_ServiceJob.Controllers.DefaultController.Get (SQS_ServiceJob)' Exception -  ]
[2023-05-23 11:40:27 380 +05:30  INF  Request finished HTTP/1.1 GET http://localhost:5068/default - - - 200 - text/plain;+charset=utf-8 551.2242ms Exception -  ]
[2023-05-23 11:42:13 612 +05:30  INF  Now listening on: http://localhost:5068 Exception -  ]
[2023-05-23 11:42:13 696 +05:30  INF  Starting Hangfire Server using job storage: 'In-Memory Storage' Exception -  ]
[2023-05-23 11:42:13 698 +05:30  INF  Using the following options for Hangfire Server:
    Worker count: 20
    Listening queues: 'default'
    Shutdown timeout: 00:00:15
    Schedule polling interval: 00:00:15 Exception -  ]
[2023-05-23 11:42:13 763 +05:30  INF  Server ilpt2699:16532:b1ce8fc9 successfully announced in 7.8249 ms Exception -  ]
[2023-05-23 11:42:13 774 +05:30  INF  Server ilpt2699:16532:b1ce8fc9 is starting the registered dispatchers: ServerWatchdog, ServerJobCancellationWatcher, Worker, DelayedJobScheduler, RecurringJobScheduler... Exception -  ]
[2023-05-23 11:42:13 804 +05:30  INF  Application started. Press Ctrl+C to shut down. Exception -  ]
[2023-05-23 11:42:13 849 +05:30  INF  Hosting environment: Development Exception -  ]
[2023-05-23 11:42:13 853 +05:30  INF  Content root path: C:\TFS\OTHER APPLICATIONS\SQS_Service\SQS_ServiceJob\ Exception -  ]
[2023-05-23 11:42:13 933 +05:30  INF  Server ilpt2699:16532:b1ce8fc9 all the dispatchers started Exception -  ]
[2023-05-23 11:42:15 244 +05:30  INF  Request starting HTTP/1.1 GET http://localhost:5068/default - - Exception -  ]
[2023-05-23 11:42:15 442 +05:30  INF  Executing endpoint 'SQS_ServiceJob.Controllers.DefaultController.Get (SQS_ServiceJob)' Exception -  ]
[2023-05-23 11:42:15 550 +05:30  INF  Route matched with {action = "Get", controller = "Default"}. Executing controller action with signature System.Threading.Tasks.Task`1[System.String] Get() on controller SQS_ServiceJob.Controllers.DefaultController (SQS_ServiceJob). Exception -  ]
[2023-05-23 11:42:15 570 +05:30  INF  Service Started... Exception -  ]
[2023-05-23 11:42:15 603 +05:30  INF  Executing ObjectResult, writing value of type 'System.String'. Exception -  ]
[2023-05-23 11:42:15 681 +05:30  INF  Executed action SQS_ServiceJob.Controllers.DefaultController.Get (SQS_ServiceJob) in 110.9052ms Exception -  ]
[2023-05-23 11:42:15 687 +05:30  INF  Executed endpoint 'SQS_ServiceJob.Controllers.DefaultController.Get (SQS_ServiceJob)' Exception -  ]
[2023-05-23 11:42:15 703 +05:30  INF  Request finished HTTP/1.1 GET http://localhost:5068/default - - - 200 - text/plain;+charset=utf-8 465.1612ms Exception -  ]
[2023-05-23 11:48:41 218 +05:30  INF  Now listening on: http://localhost:5068 Exception -  ]
[2023-05-23 11:48:41 302 +05:30  INF  Starting Hangfire Server using job storage: 'In-Memory Storage' Exception -  ]
[2023-05-23 11:48:41 305 +05:30  INF  Using the following options for Hangfire Server:
    Worker count: 20
    Listening queues: 'default'
    Shutdown timeout: 00:00:15
    Schedule polling interval: 00:00:15 Exception -  ]
[2023-05-23 11:48:41 372 +05:30  INF  Server ilpt2699:24680:8c0e6c0c successfully announced in 6.587 ms Exception -  ]
[2023-05-23 11:48:41 386 +05:30  INF  Server ilpt2699:24680:8c0e6c0c is starting the registered dispatchers: ServerWatchdog, ServerJobCancellationWatcher, Worker, DelayedJobScheduler, RecurringJobScheduler... Exception -  ]
[2023-05-23 11:48:41 386 +05:30  INF  Application started. Press Ctrl+C to shut down. Exception -  ]
[2023-05-23 11:48:41 415 +05:30  INF  Hosting environment: Development Exception -  ]
[2023-05-23 11:48:41 427 +05:30  INF  Content root path: C:\TFS\OTHER APPLICATIONS\SQS_Service\SQS_ServiceJob\ Exception -  ]
[2023-05-23 11:48:41 531 +05:30  INF  Server ilpt2699:24680:8c0e6c0c all the dispatchers started Exception -  ]
[2023-05-23 11:48:42 940 +05:30  INF  Request starting HTTP/1.1 GET http://localhost:5068/default - - Exception -  ]
[2023-05-23 11:48:43 192 +05:30  INF  Executing endpoint 'SQS_ServiceJob.Controllers.DefaultController.Get (SQS_ServiceJob)' Exception -  ]
[2023-05-23 11:48:43 308 +05:30  INF  Route matched with {action = "Get", controller = "Default"}. Executing controller action with signature System.Threading.Tasks.Task`1[System.String] Get() on controller SQS_ServiceJob.Controllers.DefaultController (SQS_ServiceJob). Exception -  ]
[2023-05-23 11:48:43 320 +05:30  INF  Service Started... Exception -  ]
[2023-05-23 11:48:43 346 +05:30  INF  Executing ObjectResult, writing value of type 'System.String'. Exception -  ]
[2023-05-23 11:48:43 417 +05:30  INF  Executed action SQS_ServiceJob.Controllers.DefaultController.Get (SQS_ServiceJob) in 94.7329ms Exception -  ]
[2023-05-23 11:48:43 423 +05:30  INF  Executed endpoint 'SQS_ServiceJob.Controllers.DefaultController.Get (SQS_ServiceJob)' Exception -  ]
[2023-05-23 11:48:43 436 +05:30  INF  Request finished HTTP/1.1 GET http://localhost:5068/default - - - 200 - text/plain;+charset=utf-8 500.0282ms Exception -  ]
[2023-05-23 11:53:34 519 +05:30  INF  Now listening on: http://localhost:5068 Exception -  ]
[2023-05-23 11:53:34 590 +05:30  INF  Starting Hangfire Server using job storage: 'In-Memory Storage' Exception -  ]
[2023-05-23 11:53:34 597 +05:30  INF  Using the following options for Hangfire Server:
    Worker count: 20
    Listening queues: 'default'
    Shutdown timeout: 00:00:15
    Schedule polling interval: 00:00:15 Exception -  ]
[2023-05-23 11:53:34 663 +05:30  INF  Server ilpt2699:12344:7299e6c2 successfully announced in 3.9596 ms Exception -  ]
[2023-05-23 11:53:34 679 +05:30  INF  Server ilpt2699:12344:7299e6c2 is starting the registered dispatchers: ServerWatchdog, ServerJobCancellationWatcher, Worker, DelayedJobScheduler, RecurringJobScheduler... Exception -  ]
[2023-05-23 11:53:34 680 +05:30  INF  Application started. Press Ctrl+C to shut down. Exception -  ]
[2023-05-23 11:53:34 707 +05:30  INF  Hosting environment: Development Exception -  ]
[2023-05-23 11:53:34 720 +05:30  INF  Content root path: C:\TFS\OTHER APPLICATIONS\SQS_Service\SQS_ServiceJob\ Exception -  ]
[2023-05-23 11:53:34 815 +05:30  INF  Server ilpt2699:12344:7299e6c2 all the dispatchers started Exception -  ]
[2023-05-23 11:53:36 106 +05:30  INF  Request starting HTTP/1.1 GET http://localhost:5068/default - - Exception -  ]
[2023-05-23 11:53:36 326 +05:30  INF  Executing endpoint 'SQS_ServiceJob.Controllers.DefaultController.Get (SQS_ServiceJob)' Exception -  ]
[2023-05-23 11:53:36 468 +05:30  INF  Route matched with {action = "Get", controller = "Default"}. Executing controller action with signature System.Threading.Tasks.Task`1[System.String] Get() on controller SQS_ServiceJob.Controllers.DefaultController (SQS_ServiceJob). Exception -  ]
[2023-05-23 11:53:36 482 +05:30  INF  Service Started... Exception -  ]
[2023-05-23 11:53:36 515 +05:30  INF  Executing ObjectResult, writing value of type 'System.String'. Exception -  ]
[2023-05-23 11:53:36 590 +05:30  INF  Executed action SQS_ServiceJob.Controllers.DefaultController.Get (SQS_ServiceJob) in 107.0334ms Exception -  ]
[2023-05-23 11:53:36 594 +05:30  INF  Executed endpoint 'SQS_ServiceJob.Controllers.DefaultController.Get (SQS_ServiceJob)' Exception -  ]
[2023-05-23 11:53:36 606 +05:30  INF  Request finished HTTP/1.1 GET http://localhost:5068/default - - - 200 - text/plain;+charset=utf-8 503.1159ms Exception -  ]
[2023-05-23 11:57:23 526 +05:30  INF  Now listening on: http://localhost:5068 Exception -  ]
[2023-05-23 11:57:23 645 +05:30  INF  Starting Hangfire Server using job storage: 'In-Memory Storage' Exception -  ]
[2023-05-23 11:57:23 649 +05:30  INF  Using the following options for Hangfire Server:
    Worker count: 20
    Listening queues: 'default'
    Shutdown timeout: 00:00:15
    Schedule polling interval: 00:00:15 Exception -  ]
[2023-05-23 11:57:23 744 +05:30  INF  Server ilpt2699:15668:16c2fe33 successfully announced in 19.7736 ms Exception -  ]
[2023-05-23 11:57:23 748 +05:30  INF  Application started. Press Ctrl+C to shut down. Exception -  ]
[2023-05-23 11:57:23 753 +05:30  INF  Hosting environment: Development Exception -  ]
[2023-05-23 11:57:23 756 +05:30  INF  Content root path: C:\TFS\OTHER APPLICATIONS\SQS_Service\SQS_ServiceJob\ Exception -  ]
[2023-05-23 11:57:23 765 +05:30  INF  Server ilpt2699:15668:16c2fe33 is starting the registered dispatchers: ServerWatchdog, ServerJobCancellationWatcher, Worker, DelayedJobScheduler, RecurringJobScheduler... Exception -  ]
[2023-05-23 11:57:23 894 +05:30  INF  Server ilpt2699:15668:16c2fe33 all the dispatchers started Exception -  ]
[2023-05-23 11:57:24 947 +05:30  INF  Request starting HTTP/1.1 GET http://localhost:5068/default - - Exception -  ]
[2023-05-23 11:57:25 187 +05:30  INF  Executing endpoint 'SQS_ServiceJob.Controllers.DefaultController.Get (SQS_ServiceJob)' Exception -  ]
[2023-05-23 11:57:25 291 +05:30  INF  Route matched with {action = "Get", controller = "Default"}. Executing controller action with signature System.Threading.Tasks.Task`1[System.String] Get() on controller SQS_ServiceJob.Controllers.DefaultController (SQS_ServiceJob). Exception -  ]
[2023-05-23 11:57:25 302 +05:30  INF  Service Started... Exception -  ]
[2023-05-23 11:57:25 323 +05:30  INF  Executing ObjectResult, writing value of type 'System.String'. Exception -  ]
[2023-05-23 11:57:25 392 +05:30  INF  Executed action SQS_ServiceJob.Controllers.DefaultController.Get (SQS_ServiceJob) in 86.9482ms Exception -  ]
[2023-05-23 11:57:25 398 +05:30  INF  Executed endpoint 'SQS_ServiceJob.Controllers.DefaultController.Get (SQS_ServiceJob)' Exception -  ]
[2023-05-23 11:57:25 407 +05:30  INF  Request finished HTTP/1.1 GET http://localhost:5068/default - - - 200 - text/plain;+charset=utf-8 466.5024ms Exception -  ]
[2023-05-23 12:05:35 764 +05:30  INF  Now listening on: http://localhost:5068 Exception -  ]
[2023-05-23 12:05:35 839 +05:30  INF  Starting Hangfire Server using job storage: 'In-Memory Storage' Exception -  ]
[2023-05-23 12:05:35 841 +05:30  INF  Using the following options for Hangfire Server:
    Worker count: 20
    Listening queues: 'default'
    Shutdown timeout: 00:00:15
    Schedule polling interval: 00:00:15 Exception -  ]
[2023-05-23 12:05:35 892 +05:30  INF  Server ilpt2699:25352:8ebb468d successfully announced in 4.7822 ms Exception -  ]
[2023-05-23 12:05:35 900 +05:30  INF  Server ilpt2699:25352:8ebb468d is starting the registered dispatchers: ServerWatchdog, ServerJobCancellationWatcher, Worker, DelayedJobScheduler, RecurringJobScheduler... Exception -  ]
[2023-05-23 12:05:35 907 +05:30  INF  Application started. Press Ctrl+C to shut down. Exception -  ]
[2023-05-23 12:05:35 938 +05:30  INF  Hosting environment: Development Exception -  ]
[2023-05-23 12:05:35 946 +05:30  INF  Content root path: C:\TFS\OTHER APPLICATIONS\SQS_Service\SQS_ServiceJob\ Exception -  ]
[2023-05-23 12:05:35 978 +05:30  INF  Server ilpt2699:25352:8ebb468d all the dispatchers started Exception -  ]
[2023-05-23 12:05:36 921 +05:30  INF  Request starting HTTP/1.1 GET http://localhost:5068/default - - Exception -  ]
[2023-05-23 12:05:37 103 +05:30  INF  Executing endpoint 'SQS_ServiceJob.Controllers.DefaultController.Get (SQS_ServiceJob)' Exception -  ]
[2023-05-23 12:05:37 191 +05:30  INF  Route matched with {action = "Get", controller = "Default"}. Executing controller action with signature System.Threading.Tasks.Task`1[System.String] Get() on controller SQS_ServiceJob.Controllers.DefaultController (SQS_ServiceJob). Exception -  ]
[2023-05-23 12:05:37 201 +05:30  INF  Service Started... Exception -  ]
[2023-05-23 12:05:37 225 +05:30  INF  Executing ObjectResult, writing value of type 'System.String'. Exception -  ]
[2023-05-23 12:05:37 280 +05:30  INF  Executed action SQS_ServiceJob.Controllers.DefaultController.Get (SQS_ServiceJob) in 77.397ms Exception -  ]
[2023-05-23 12:05:37 283 +05:30  INF  Executed endpoint 'SQS_ServiceJob.Controllers.DefaultController.Get (SQS_ServiceJob)' Exception -  ]
[2023-05-23 12:05:37 293 +05:30  INF  Request finished HTTP/1.1 GET http://localhost:5068/default - - - 200 - text/plain;+charset=utf-8 376.2324ms Exception -  ]
[2023-05-23 12:08:15 847 +05:30  INF  Now listening on: http://localhost:5068 Exception -  ]
[2023-05-23 12:08:15 994 +05:30  INF  Starting Hangfire Server using job storage: 'In-Memory Storage' Exception -  ]
[2023-05-23 12:08:15 998 +05:30  INF  Using the following options for Hangfire Server:
    Worker count: 20
    Listening queues: 'default'
    Shutdown timeout: 00:00:15
    Schedule polling interval: 00:00:15 Exception -  ]
[2023-05-23 12:08:16 084 +05:30  INF  Server ilpt2699:38376:191f1b07 successfully announced in 9.6167 ms Exception -  ]
[2023-05-23 12:08:16 102 +05:30  INF  Server ilpt2699:38376:191f1b07 is starting the registered dispatchers: ServerWatchdog, ServerJobCancellationWatcher, Worker, DelayedJobScheduler, RecurringJobScheduler... Exception -  ]
[2023-05-23 12:08:16 103 +05:30  INF  Application started. Press Ctrl+C to shut down. Exception -  ]
[2023-05-23 12:08:16 126 +05:30  INF  Hosting environment: Development Exception -  ]
[2023-05-23 12:08:16 140 +05:30  INF  Content root path: C:\TFS\OTHER APPLICATIONS\SQS_Service\SQS_ServiceJob\ Exception -  ]
[2023-05-23 12:08:16 239 +05:30  INF  Server ilpt2699:38376:191f1b07 all the dispatchers started Exception -  ]
[2023-05-23 12:08:17 382 +05:30  INF  Request starting HTTP/1.1 GET http://localhost:5068/default - - Exception -  ]
[2023-05-23 12:08:17 642 +05:30  INF  Executing endpoint 'SQS_ServiceJob.Controllers.DefaultController.Get (SQS_ServiceJob)' Exception -  ]
[2023-05-23 12:08:17 744 +05:30  INF  Route matched with {action = "Get", controller = "Default"}. Executing controller action with signature System.Threading.Tasks.Task`1[System.String] Get() on controller SQS_ServiceJob.Controllers.DefaultController (SQS_ServiceJob). Exception -  ]
[2023-05-23 12:08:17 755 +05:30  INF  Service Started... Exception -  ]
[2023-05-23 12:08:17 785 +05:30  INF  Executing ObjectResult, writing value of type 'System.String'. Exception -  ]
[2023-05-23 12:08:17 851 +05:30  INF  Executed action SQS_ServiceJob.Controllers.DefaultController.Get (SQS_ServiceJob) in 95.3562ms Exception -  ]
[2023-05-23 12:08:17 856 +05:30  INF  Executed endpoint 'SQS_ServiceJob.Controllers.DefaultController.Get (SQS_ServiceJob)' Exception -  ]
[2023-05-23 12:08:17 869 +05:30  INF  Request finished HTTP/1.1 GET http://localhost:5068/default - - - 200 - text/plain;+charset=utf-8 490.0008ms Exception -  ]
[2023-05-23 12:13:37 130 +05:30  INF  Now listening on: http://localhost:5068 Exception -  ]
[2023-05-23 12:13:37 193 +05:30  INF  Starting Hangfire Server using job storage: 'In-Memory Storage' Exception -  ]
[2023-05-23 12:13:37 195 +05:30  INF  Using the following options for Hangfire Server:
    Worker count: 20
    Listening queues: 'default'
    Shutdown timeout: 00:00:15
    Schedule polling interval: 00:00:15 Exception -  ]
[2023-05-23 12:13:37 241 +05:30  INF  Server ilpt2699:31176:f4a011fb successfully announced in 4.0001 ms Exception -  ]
[2023-05-23 12:13:37 250 +05:30  INF  Server ilpt2699:31176:f4a011fb is starting the registered dispatchers: ServerWatchdog, ServerJobCancellationWatcher, Worker, DelayedJobScheduler, RecurringJobScheduler... Exception -  ]
[2023-05-23 12:13:37 257 +05:30  INF  Application started. Press Ctrl+C to shut down. Exception -  ]
[2023-05-23 12:13:37 298 +05:30  INF  Hosting environment: Development Exception -  ]
[2023-05-23 12:13:37 307 +05:30  INF  Content root path: C:\TFS\OTHER APPLICATIONS\SQS_Service\SQS_ServiceJob\ Exception -  ]
[2023-05-23 12:13:37 330 +05:30  INF  Server ilpt2699:31176:f4a011fb all the dispatchers started Exception -  ]
[2023-05-23 12:13:38 523 +05:30  INF  Request starting HTTP/1.1 GET http://localhost:5068/default - - Exception -  ]
[2023-05-23 12:13:38 778 +05:30  INF  Executing endpoint 'SQS_ServiceJob.Controllers.DefaultController.Get (SQS_ServiceJob)' Exception -  ]
[2023-05-23 12:13:38 897 +05:30  INF  Route matched with {action = "Get", controller = "Default"}. Executing controller action with signature System.Threading.Tasks.Task`1[System.String] Get() on controller SQS_ServiceJob.Controllers.DefaultController (SQS_ServiceJob). Exception -  ]
[2023-05-23 12:13:38 910 +05:30  INF  Service Started... Exception -  ]
[2023-05-23 12:13:38 943 +05:30  INF  Executing ObjectResult, writing value of type 'System.String'. Exception -  ]
[2023-05-23 12:13:39 027 +05:30  INF  Executed action SQS_ServiceJob.Controllers.DefaultController.Get (SQS_ServiceJob) in 110.7409ms Exception -  ]
[2023-05-23 12:13:39 035 +05:30  INF  Executed endpoint 'SQS_ServiceJob.Controllers.DefaultController.Get (SQS_ServiceJob)' Exception -  ]
[2023-05-23 12:13:39 051 +05:30  INF  Request finished HTTP/1.1 GET http://localhost:5068/default - - - 200 - text/plain;+charset=utf-8 530.6806ms Exception -  ]
